Connecting...[0m
<Entering 3Scapes.  Enter your character name or press enter to continue>[0m
Password:[0m
Your character is currently logged in and linkdead.[0m
3Scapes welcomes you back from linkdeath.[0m
> [0m> > > [0m[0;37mtell simonz blah[0m
[32mYou tell Simonz:[0m blah[0m
[0;32mSimonz tells you:[0m blah[0m
[0m> [0m[0;37mtell simonz blah[0m
[0m[32mYou tell Simonz:[0m blah[0m
[0;32mSimonz tells you:[0m blah[0m
[0m[0;37mtell simonz blah[0m[0m
[0;37mtell simonz blah[0m
[0m[32mYou tell Simonz:[0m blah[0m
[0;32mSimonz tells you:[0m blah[0m
[0m> > [0m[0;37mconnect simonz[0m
[0m#THERE'S A SESSION WITH THAT NAME ALREADY.[0m
[0mThere is no reason to 'simonz' here.[0m
[0m> There is no reason to '1661' here.[0m
[0m> [0m[0;37m#end[0m
[0m#SESSION 'simonz' DIED.[0m
Connecting...[0m
<Entering 3Scapes.  Enter your character name or press enter to continue>[0m
Password:[0m
Your character is currently logged in and linkdead.[0m
3Scapes welcomes you back from linkdeath.[0m
> [0m> > > #K%60986033BADA Path through Brambles (ne,w)[0m
You see the Grim Reaper drift over to the corpse of [36;1mAka[0m.  The[0m
[0mdark wraith expresses gratitude to [33;1mLeaper[0m for providing it with[0m
[0mthe mage's soul.[0m
[0m#ERROR: PROMPT
[0m ROW IS OUTSID
[0mE THE SCREEN: 
[0m{[0m [1;32mSimonz   [0;36mUpt
[0;36mime: [1;36m   12:39 
[0;1;36m [0;33mReboot: [1;33m5.6 d
[0;1;33mays  [38;5;208mLag: [38;5;209m0.00
[0;1;38;5;209m  [22;32mIdle: [22;36m[[1;32m00[22;36m:[1;32m16[22;36m
[0;36m:[1;32m50[22;36m][0m[0m  [0m} {19} {
[0m0}.[0m
[0m#ERROR: #DRAW 
[0mINVALID SQUARE
[0m: LINE {18 16 
[0m11 16} ROWS: -
[0m6 COLS: 1[0m
[0m#ERROR: PROMPT
[0m ROW IS OUTSID
[0mE THE SCREEN: 
[0m{[22;32m┬[0m} {20} {-63}
[0m.[0m
[0m#ERROR: PROMPT
[0m ROW IS OUTSID
[0mE THE SCREEN: 
[0m{[22;32m├} {24} {-61}
[0;32m.[0m
[0m#ERROR: PROMPT
[0m ROW IS OUTSID
[0mE THE SCREEN: 
[0m{[22;32m┤} {24} {-3}.[0m
[0m#ERROR: #DRAW 
[0mINVALID SQUARE
[0m: TILE {18 1 1
[0m1 1} ROWS: -6 
[0mCOLS: 1[0m
[0m#ERROR: PROMPT
[0m ROW IS OUTSID
[0mE THE SCREEN: 
[0m{[0m [1;32mSimonz   [0;36mUpt
[0;36mime: [1;36m   12:39 
[0;1;36m [0;33mReboot: [1;33m5.6 d
[0;1;33mays  [38;5;208mLag: [38;5;209m0.00
[0;1;38;5;209m  [22;32mIdle: [22;36m[[1;32m00[22;36m:[1;32m16[22;36m
[0;36m:[1;32m51[22;36m][0m[0m  [0m} {19} {
[0m0}.[0m
[0m#ERROR: #DRAW 
[0mINVALID SQUARE
[0m: TILE {18 1 1
[0m1 1} ROWS: -6 
[0mCOLS: 1[0m
[0m#ERROR: PROMPT
[0m ROW IS OUTSID
[0mE THE SCREEN: 
[0m{[0m [1;32mSimonz   [0;36mUpt
[0;36mime: [1;36m   12:39 
[0;1;36m [0;33mReboot: [1;33m5.6 d
[0;1;33mays  [38;5;208mLag: [38;5;209m0.00
[0;1;38;5;209m  [22;32mIdle: [22;36m[[1;32m00[22;36m:[1;32m16[22;36m
[0;36m:[1;32m52[22;36m][0m[0m  [0m} {19} {
[0m0}.[0m
[0m#ERROR: #DRAW 
[0mINVALID SQUARE
[0m: LINE {20 16 
[0m13 16} ROWS: -
[0m6 COLS: 1[0m
[0m#ERROR: PROMPT
[0m ROW IS OUTSID
[0mE THE SCREEN: 
[0m{[22;32m├} {24} {-61}
[0;32m.[0m
[0m#ERROR: PROMPT
[0m ROW IS OUTSID
[0mE THE SCREEN: 
[0m{[22;32m┤} {24} {-3}.[0m
[0m#ERROR: #DRAW 
[0mINVALID SQUARE
[0m: TILE {20 1 1
[0m3 1} ROWS: -6 
[0mCOLS: 1[0m
[0m#ERROR: #DRAW 
[0mINVALID SQUARE
[0m: LINE {21 16 
[0m15 16} ROWS: -
[0m5 COLS: 1[0m
[0m#ERROR: PROMPT
[0m ROW IS OUTSID
[0mE THE SCREEN: 
[0m{[22;32m├} {24} {-61}
[0;32m.[0m
[0m#ERROR: PROMPT
[0m ROW IS OUTSID
[0mE THE SCREEN: 
[0m{[22;32m┤} {24} {-3}.[0m
[0m#ERROR: #DRAW 
[0mINVALID SQUARE
[0m: LINE {21 16 
[0m18 16} ROWS: -
[0m2 COLS: 1[0m
[0m#ERROR: #DRAW 
[0mINVALID SQUARE
[0m: LINE {21 16 
[0m19 16} ROWS: -
[0m1 COLS: 1[0m
[0;37mhp[0m
[0mHP:[31;1m82[0m/[31m82[0m SP:[34;1m97[0m/[34m97[0m A:[33;1m1540[0m/[33m1540[0m MIS:0% E:[37;1m[0m(0)[0m
[0mSM:[36;1mAwake    [0m C:[33m100%[0m [[36mAutumn[0m|[36mDay[0m(76%)|[36mNew Moon[0m(51%)] BE:1  B:dry EFF: H: AS:90% G2N:  0.00%(Nascent)[0m
[0m> [0m[0;37mhp[0m
[0mHP:[31;1m82[0m/[31m82[0m SP:[34;1m97[0m/[34m97[0m A:[33;1m1540[0m/[33m1540[0m MIS:0% E:[37;1m[0m(0)[0m
[0mSM:[36;1mAwake    [0m C:[33m100%[0m [[36mAutumn[0m|[36mDay[0m(76%)|[36mNew Moon[0m(51%)] BE:1  B:dry EFF: H: AS:90%
[0mG2N:  0.00%(Nascent)[0m
[0m> [0m[0mYou are spun into the cycle of blood and fate once more.[0m
[0;37m#draw green box 1 1 3 80[0m
[0;37m#draw green box 1 1 3 100[0m
[0mYou see a flock of buzzards fly over and descend upon the tattered[0m
[0mcorpse of [36;1mRotcir[0m, courtesy of [33;1mAegis Assembler[0m.  The[0m
[0mbuzzards feed like piranhas and leave a shattered skeleton in their[0m
[0mwake...[0m
[0m[34;1m   **     ****   *****     **   **   ** [0m
[0;1;34m  ****   **  **  **  **   ****  *** *** [0m
[0;1;34m **  **  **      **  **  **  ** ** * ** [0m
[0;1;34m **  **  **      ****    **  ** ** * ** [0m
[0;1;34m ******  ** ***  ** **   ****** **   ** [0m
[0;1;34m **  **  **  **  **  **  **  ** **   ** [0m
[0;1;34m **  **   ****   **  **  **  ** **   ** [0m
[0m[34;1m   **     ****   ****** [0m
[0;1;34m  ***    **  **      ** [0m
[0;1;34m   **       **      **  [0m
[0;1;34m   **     **       **   [0m
[0;1;34m   **    **       **    [0m
[0;1;34m   **    **      **     [0m
[0;1;34m ******  ******  **     [0m
[0m[34;1mThe Immortals pause momentarily in their daily activities to acknowledge[0m
[0;1;34mthe accomplishments of the Mortal Agram.  A silence falls over the land[0m
[0;1;34mas the monsters and adversaries quietly plan their exodus from the[0m
[0;1;34mrealms...[0m
[0m[30;1mNight falls swiftly, dark as a raven's wings.[0m[0m
[0mGorgar <Gossip>: i think that would be cool too[0m
[0;37m#read .tt/3k/draw.tin[0m
[0m#ERROR: #DRAW INVALID SQUARE: LINE {20 1 1 81} ROWS: -18 COLS: 81[0m
[0m#ERROR: #DRAW INVALID SQUARE: BOX {20 1 1 82} ROWS: -18 COLS: 82[0m
[0m#ERROR: #DRAW INVALID SQUARE: BOX {20 1 1 84} ROWS: -18 COLS: 84[0m
[0m#OK:   2 DELAYS LOADED.[0m
[0;37m#end[0m
[0m#SESSION 'simonz' DIED.[0m
[0m#ERROR: #DRAW INVALID SQUARE: LINE {20 1 1 81} ROWS: -18 COLS: 81[0m
[0m#ERROR: #DRAW INVALID SQUARE: BOX {20 1 1 82} ROWS: -18 COLS: 82[0m
[0m#ERROR: #DRAW INVALID SQUARE: BOX {20 1 1 84} ROWS: -18 COLS: 84[0m
Connecting...[0m
<Entering 3Scapes.  Enter your character name or press enter to continue>[0m
Password:[0m
Your character is currently logged in and linkdead.[0m
3Scapes welcomes you back from linkdeath.[0m
> [0m> > > [0mAelion <Gossip>: yiauu running around in chaos[0m
Amon <Gossip>: WTB... Sorcerous theorem[0m
Anaxagoras <Gossip>: on it[0m
Amon <Gossip>: is there anyway that someone could send me a light?[0m
[31;1m<| SPIRITUS MUNDI |>: Archangel[0m has entered a trance of communion.[0m
[0m[31;1m<| SPIRITUS MUNDI |>: Archangel[0m awakens from his trance.[0m
[0m[33;1mThe sun rises, spreading glorious illumination.[0m[0m
[0m**You've been idle for 2 hours!  See ya!**[0m
[0m[31;1m<| SPIRITUS MUNDI |>: Simonz[0m has entered a trance of communion.[0m
[0m#SESSION 'simonz' DIED.[0m
