[0m#ERROR: #DRAW INVALID SQUARE: LINE {20 1 1 81} ROWS: -18 COLS: 81[0m
[0m#ERROR: #DRAW INVALID SQUARE: BOX {20 1 1 82} ROWS: -18 COLS: 82[0m
[0m#ERROR: #DRAW INVALID SQUARE: BOX {20 1 1 84} ROWS: -18 COLS: 84[0m
Connecting...[0m
<Entering 3Scapes.  Enter your character name or press enter to continue>[0m
Password:[0m
Your character is currently logged in and linkdead.[0m
3Scapes welcomes you back from linkdeath.[0m
> [0m> > > #K%04380033BADA Path through Brambles (ne,w)[0m
[0;37m#draw line green 1 81 -1 81[0m
[0m81                                                                                                                                               
[0m                                                               [0m
[0m                                                                                                                                                 
[0m                                                               [0m
[0m                                                                                                                                                 
[0m                                                               [0m
[0m                                                                                                                                                 
[0m                                                               [0m
[0m                                                                                                                                                 
[0m                                                               [0m
[0m                                                                                                                                                 
[0m                                                               [0m
[0m                                                                                                                                                 
[0m                                                               [0m
[0m                                                                                                                                                 
[0m                                                               [0m
[0m                                                                                                                                                 
[0m                                                               [0m
[0m                                                                                                                                                 
[0m                                                               [0m
[0m                                                                                                                                                 
[0m                                                               [0m
[0m                                                                                                                                                 
[0m                                                               [0m
[0m                                                                                                                                                 
[0m                                                               [0m
[0m                                                                                                                                                 
[0m                                                               [0m
[0m                                                                                                                                                 
[0m                                                               [0m
[0m                                                                                                                                                 
[0m                                                               [0m
[0m                                                                                                                                                 
[0m                                                               [0m
[0m                                                                                                                                                 
[0m                                                               [0m
[0m                                                                                                                                                 
[0m                                                               [0m
[0m                                                                                                                                                 
[0m                                                               [0m
[0m                                                                                                                                                 
[0m                                                               [0m
[0m                                                                                                                                                 
[0m                                                               [0m
[0m                                                                                                                                                 
[0m                                                               [0m
[0m                                                                                                                                                 
[0m                                                               [0m
[0m                                                                                                                                                 
[0m                                                               [0m
[0m                                                                                                                                                 
[0m                                                               [0m
[0m                                                                                                                                                 
[0m                                                               [0m
[0m                                                                                                                                                 
[0m                                                               [0m
[0m                                                                                                                                                 
[0m                                                               [0m
[0m                                                                                                                                                 
[0m                                                               [0m
[0m                                                                                                                                                 
[0m                                                               [0m
[0m                                                                                                                                                 
[0m                                                               [0m
[0m                                                                                                                                                 
[0m                                                               [0m
[0m                                                                                                                                                 
[0m                                                               [0m
[0m                                                                                                                                                 
[0m                                                               [0m
[0m                                                                                                                                                 
[0m                                                               [0m
[0m                                                                                                                                                 
[0m                                                               [0m
[0m                                                                                                                                                 
[0m                                                               [0m
[0m                                                                                                                                                 
[0m                                                               [0m
[0m                                                                                                                                                 
[0m                                                               [0m
[0m                                                                                                                                                 
[0m                                                               [0m
[0m                                                                                                                                                 
[0m                                                               [0m
[0m                                                                                                                                                 
[0m                                                               [0m
[0m                                                                                                                                                 
[0m                                                               [0m
[0m                                                                                                                                                 
[0m                                                               [0m
[0m                                                                                                                                                 
[0m                                                               [0m
[0m                                                                                                                                                 
[0m                                                               [0m
[0m                                                                                                                                                 
[0m                                                               [0m
[0m                                                                                                                                                 
[0m                                                               [0m
[0;37m#end[0m
[0m#SESSION 'simonz' DIED.[0m
[0m#ERROR: #DRAW INVALID SQUARE: LINE {20 1 1 81} ROWS: -18 COLS: 81[0m
[0m#ERROR: #DRAW INVALID SQUARE: BOX {20 1 1 82} ROWS: -18 COLS: 82[0m
[0m#ERROR: #DRAW INVALID SQUARE: BOX {20 1 1 84} ROWS: -18 COLS: 84[0m
Connecting...[0m
<Entering 3Scapes.  Enter your character name or press enter to continue>[0m
Password:[0m
Your character is currently logged in and linkdead.[0m
3Scapes welcomes you back from linkdeath.[0m
You received tells while linkdead, check your 'tellhist'[0m
> [0m> > > [0m[0;37mtellhist[0m
Tell history:[0m
19:56 Simonz : blah[0m
22:12 Simonz : blah[0m
22:12 Simonz : blah[0m
22:15 Simonz : blah[0m
22:15 Simonz : blah[0m
22:15 Simonz : blah[0m
00:20 Aelion : you from 3k?[0m
> [0m[0;37mnod aelion[0m
[32;1mAelion is afk: Meetings until 12:00 PST[0m[0m
[0m[32;1mFrom afar, you nod to Aelion.[0m[0m
[0m> [0m[0;37m#draw line 1 1 1 81[0m
[0;37m#draw line 1 81 -1 81[0m
[0;37m#read draw.tin[0m
[0m#READ {draw.tin} - FILE NOT FOUND.[0m
[0;37m#read .tt/3k/draw.tin[0m
[0m#OK:   2 DELAYS LOADED.[0m
[0;37mhp[0m
[0mHP:[31;1m82[0m/[31m82[0m SP:[34;1m97[0m/[34m97[0m A:[33;1m1540[0m/[33m1540[0m MIS:0% E:[37;1m[0m(0)[0m
[0mSM:[36;1mAwake    [0m C:[33m100%[0m [[36mAutumn[0m|[36mDay[0m(96%)|[36mWaxing Moon[0m(60%)] BE:1  B:dry EFF: H: AS:90% G2N:  0.00%(Nascent)[0m
[0m> [0m[0mYou are spun into the cycle of blood and fate once more.[0m
[0m[30;1mNight falls swiftly, dark as a raven's wings.[0m[0m
[0;37m#read .tt/3k/draw.tin[0m
[0m#OK:   2 DELAYS LOADED.[0m
[0;37m#read .tt/3k/draw.tin[0m
[0m#OK:   2 DELAYS LOADED.[0m
[0mYou see the Grim Reaper drift over to the corpse of [36;1mGoo[0m.  The[0m
[0mdark wraith expresses gratitude to [33;1mSeverely Burnt Zombie[0m for[0m
[0mproviding it with the changeling's soul.[0m
[0m[34;1m  ****   ******  *****    ****     **    *****  [0m
[0;1;34m **  **  **  **  **  **  **  **   ****   **  ** [0m
[0;1;34m **      **  **  **  **  **      **  **  **  ** [0m
[0;1;34m **      **  **  ****    **      **  **  ****   [0m
[0;1;34m ** ***  **  **  ** **   ** ***  ******  ** **  [0m
[0;1;34m **  **  **  **  **  **  **  **  **  **  **  ** [0m
[0;1;34m  ****   ******  **  **   ****   **  **  **  ** [0m
[0m[34;1m   **     ****    ****  [0m
[0;1;34m  ***    **  **  **  ** [0m
[0;1;34m   **    ** ***  **  ** [0m
[0;1;34m   **    *** **  ****** [0m
[0;1;34m   **    **  **      ** [0m
[0;1;34m   **    **  **  **  ** [0m
[0;1;34m ******   ****    ****  [0m
[0m[34;1mThe Immortals pause momentarily in their daily activities to acknowledge[0m
[0;1;34mthe accomplishments of the Mortal Gorgar.  A silence falls over the land[0m
[0;1;34mas the monsters and adversaries quietly plan their exodus from the[0m
[0;1;34mrealms...[0m
[0m[31;1m<| SPIRITUS MUNDI |>: Nykki[0m has entered a trance of communion.[0m
[0m[31;1m<| SPIRITUS MUNDI |>: Archangel[0m has entered a trance of communion.[0m
[0m[33;1mThe sun rises, spreading glorious illumination.[0m[0m
[0m**You've been idle for 2 hours!  See ya!**[0m
[0m[31;1m<| SPIRITUS MUNDI |>: Simonz[0m has entered a trance of communion.[0m
[0m#SESSION 'simonz' DIED.[0m
